<?xml version="1.0" encoding="UTF-8"?>
<!-- Generated by org.testng.reporters.JUnitXMLReporter -->
<testsuite hostname="DESKTOP-FFVD44P" name="TestRunner-Firefox" tests="2" failures="0" timestamp="22 Jan 2022 04:51:57 GMT" time="131.196" errors="0">
  <testcase name="createOrgIndustryTypeTest" time="47.428" classname="com.vtiger.comcast.organizationTest.CreateOrgTest"/>
  <testcase name="createOrgTest" time="25.506" classname="com.vtiger.comcast.organizationTest.CreateOrgTest"/>
</testsuite> <!-- TestRunner-Firefox -->
