<?xml version="1.0" encoding="UTF-8"?>
<!-- Generated by org.testng.reporters.JUnitXMLReporter -->
<testsuite hostname="DESKTOP-FFVD44P" name="TestRunner-Chrome" tests="2" failures="0" timestamp="22 Jan 2022 04:51:54 GMT" time="127.342" errors="0">
  <testcase name="createOrgIndustryTypeTest" time="47.203" classname="com.vtiger.comcast.organizationTest.CreateOrgTest"/>
  <testcase name="createOrgTest" time="30.158" classname="com.vtiger.comcast.organizationTest.CreateOrgTest"/>
</testsuite> <!-- TestRunner-Chrome -->
