<?xml version="1.0" encoding="UTF-8"?>
<!-- Generated by org.testng.reporters.JUnitXMLReporter -->
<testsuite hostname="DESKTOP-FFVD44P" name="TestRunner-2" tests="2" failures="0" timestamp="22 Jan 2022 05:08:34 GMT" time="206.379" errors="0">
  <testcase name="createContactTest" time="56.509" classname="com.vtiger.comcast.contactsTest.CreateContactTest"/>
  <testcase name="createContactWithOrgNameTest" time="97.959" classname="com.vtiger.comcast.contactsTest.CreateContactTest"/>
</testsuite> <!-- TestRunner-2 -->
