<?xml version="1.0" encoding="UTF-8"?>
<!-- Generated by org.testng.reporters.JUnitXMLReporter -->
<testsuite hostname="DESKTOP-FFVD44P" name="TestRunner-1" tests="2" failures="0" timestamp="22 Jan 2022 05:08:04 GMT" time="175.94" errors="0">
  <testcase name="createOrgIndustryTypeTest" time="56.039" classname="com.vtiger.comcast.organizationTest.CreateOrgTest"/>
  <testcase name="createOrgTest" time="63.304" classname="com.vtiger.comcast.organizationTest.CreateOrgTest"/>
</testsuite> <!-- TestRunner-1 -->
