<?xml version="1.0" encoding="UTF-8"?>
<!-- Generated by org.testng.reporters.JUnitXMLReporter -->
<testsuite hostname="DESKTOP-FFVD44P" name="Test" tests="4" failures="0" timestamp="28 Jan 2022 13:11:15 GMT" time="176.897" errors="0">
  <testcase name="createOrgIndustryTypeTest" time="29.357" classname="com.vtiger.comcast.organizationTest.CreateOrgTest"/>
  <testcase name="createOrgTest" time="30.571" classname="com.vtiger.comcast.organizationTest.CreateOrgTest"/>
  <testcase name="createContactTest" time="20.113" classname="com.vtiger.comcast.contactsTest.CreateContactTest"/>
  <testcase name="createContactWithOrgNameTest" time="39.991" classname="com.vtiger.comcast.contactsTest.CreateContactTest"/>
</testsuite> <!-- Test -->
