<?xml version="1.0" encoding="UTF-8"?>
<!-- Generated by org.testng.reporters.JUnitXMLReporter -->
<testsuite hostname="DESKTOP-FFVD44P" name="Command line test" tests="9" failures="0" timestamp="1 Feb 2022 10:30:51 GMT" time="150.987" errors="0">
  <testcase name="createContactTest" time="23.338" classname="com.vtiger.comcast.contactsTest.CreateContactTest"/>
  <testcase name="createContactWithOrgNameTest" time="38.821" classname="com.vtiger.comcast.contactsTest.CreateContactTest"/>
  <testcase name="createOrgIndustryTypeTest" time="20.102" classname="com.vtiger.comcast.organizationTest.CreateOrgTest"/>
  <testcase name="createOrgTest" time="18.522" classname="com.vtiger.comcast.organizationTest.CreateOrgTest"/>
  <testcase name="bookTicketTest" time="0.0" classname="practice.DataDrivenTest"/>
  <testcase name="bookTicketTest" time="0.0" classname="practice.DataDrivenTest"/>
  <testcase name="bookTicketTest" time="0.0" classname="practice.DataDrivenTest"/>
  <testcase name="bookTicketTest" time="0.0" classname="practice.DataDrivenTest"/>
  <testcase name="bookTicketTest" time="0.0" classname="practice.DataDrivenTest"/>
</testsuite> <!-- Command line test -->
