<?xml version="1.0" encoding="UTF-8"?>
<!-- Generated by org.testng.reporters.JUnitXMLReporter -->
<testsuite hostname="DESKTOP-FFVD44P" name="RegionalRegression" tests="2" failures="0" timestamp="21 Jan 2022 07:55:39 GMT" time="118.272" errors="0">
  <testcase name="createContactWithOrgNameTest" time="47.431" classname="com.vtiger.comcast.contactsTest.CreateContactTest"/>
  <testcase name="createOrgTest" time="29.489" classname="com.vtiger.comcast.organizationTest.CreateOrgTest"/>
</testsuite> <!-- RegionalRegression -->
