<?xml version="1.0" encoding="UTF-8"?>
<!-- Generated by org.testng.reporters.JUnitXMLReporter -->
<testsuite hostname="DESKTOP-FFVD44P" name="RegressionTest" tests="2" failures="0" timestamp="21 Jan 2022 07:36:50 GMT" time="127.534" errors="0">
  <testcase name="createContactWithOrgNameTest" time="52.091" classname="com.vtiger.comcast.contactsTest.CreateContactTest"/>
  <testcase name="createOrgIndustryTypeTest" time="32.538" classname="com.vtiger.comcast.organizationTest.CreateOrgTest"/>
</testsuite> <!-- RegressionTest -->
